#-----------------------------------------------------------
# Vivado v2019.2 (64-bit)
# SW Build 2708876 on Wed Nov  6 21:40:23 MST 2019
# IP Build 2700528 on Thu Nov  7 00:09:20 MST 2019
# Start of session at: Mon Dec 23 17:56:12 2019
# Process ID: 5520
# Current directory: C:/Users/stefano/Desktop/prl
# Command line: vivado.exe -gui_launcher_event rodinguilauncherevent448 C:\Users\stefano\Desktop\prl\project_reti_logiche.xpr
# Log file: C:/Users/stefano/Desktop/prl/vivado.log
# Journal file: C:/Users/stefano/Desktop/prl\vivado.jou
#-----------------------------------------------------------
start_gui
open_project C:/Users/stefano/Desktop/prl/project_reti_logiche.xpr
Scanning sources...
Finished scanning sources
INFO: [IP_Flow 19-234] Refreshing IP repositories
INFO: [IP_Flow 19-1704] No user IP repositories specified
INFO: [IP_Flow 19-2313] Loaded Vivado IP repository 'C:/Xilinx/Vivado/2019.2/data/ip'.
open_project: Time (s): cpu = 00:00:23 ; elapsed = 00:00:10 . Memory (MB): peak = 750.063 ; gain = 97.402
update_compile_order -fileset sources_1
launch_simulation -simset [get_filesets sim_2 ]
Command: launch_simulation -simset sim_2
INFO: [Vivado 12-5682] Launching behavioral simulation in 'C:/Users/stefano/Desktop/prl/project_reti_logiche.sim/sim_2/behav/xsim'
INFO: [SIM-utils-51] Simulation object is 'sim_2'
INFO: [SIM-utils-54] Inspecting design source files for 'project_tb' in fileset 'sim_2'...
INFO: [USF-XSim-97] Finding global include files...
INFO: [USF-XSim-98] Fetching design files from 'sim_2'...
INFO: [USF-XSim-2] XSim::Compile design
INFO: [USF-XSim-61] Executing 'COMPILE and ANALYZE' step in 'C:/Users/stefano/Desktop/prl/project_reti_logiche.sim/sim_2/behav/xsim'
"xvhdl --incr --relax -prj project_tb_vhdl.prj"
INFO: [USF-XSim-69] 'compile' step finished in '2' seconds
INFO: [USF-XSim-3] XSim::Elaborate design
INFO: [USF-XSim-61] Executing 'ELABORATE' step in 'C:/Users/stefano/Desktop/prl/project_reti_logiche.sim/sim_2/behav/xsim'
"xelab -wto 899a5a53ee154a24bf2951e1719ee131 --incr --debug typical --relax --mt 2 -L xil_defaultlib -L secureip --snapshot project_tb_behav xil_defaultlib.project_tb -log elaborate.log"
Vivado Simulator 2019.2
Copyright 1986-1999, 2001-2019 Xilinx, Inc. All Rights Reserved.
Running: C:/Xilinx/Vivado/2019.2/bin/unwrapped/win64.o/xelab.exe -wto 899a5a53ee154a24bf2951e1719ee131 --incr --debug typical --relax --mt 2 -L xil_defaultlib -L secureip --snapshot project_tb_behav xil_defaultlib.project_tb -log elaborate.log 
Using 2 slave threads.
Starting static elaboration
Completed static elaboration
INFO: [XSIM 43-4323] No Change in HDL. Linking previously generated obj files to create kernel
INFO: [USF-XSim-69] 'elaborate' step finished in '3' seconds
INFO: [USF-XSim-4] XSim::Simulate design
INFO: [USF-XSim-61] Executing 'SIMULATE' step in 'C:/Users/stefano/Desktop/prl/project_reti_logiche.sim/sim_2/behav/xsim'
INFO: [USF-XSim-98] *** Running xsim
   with args "project_tb_behav -key {Behavioral:sim_2:Functional:project_tb} -tclbatch {project_tb.tcl} -view {C:/Users/stefano/Desktop/prl/project_tb_behav.wcfg} -log {simulate.log}"
INFO: [USF-XSim-8] Loading simulator feature
Vivado Simulator 2019.2
Time resolution is 1 ps
open_wave_config C:/Users/stefano/Desktop/prl/project_tb_behav.wcfg
source project_tb.tcl
# set curr_wave [current_wave_config]
# if { [string length $curr_wave] == 0 } {
#   if { [llength [get_objects]] > 0} {
#     add_wave /
#     set_property needs_save false [current_wave_config]
#   } else {
#      send_msg_id Add_Wave-1 WARNING "No top level signals found. Simulator will start without a wave window. If you want to open a wave window go to 'File->New Waveform Configuration' or type 'create_wave_config' in the TCL console."
#   }
# }
# run 1000ns
xsim: Time (s): cpu = 00:00:15 ; elapsed = 00:00:07 . Memory (MB): peak = 817.059 ; gain = 3.168
INFO: [USF-XSim-96] XSim completed. Design snapshot 'project_tb_behav' loaded.
INFO: [USF-XSim-97] XSim simulation ran for 1000ns
launch_simulation: Time (s): cpu = 00:00:20 ; elapsed = 00:00:13 . Memory (MB): peak = 817.059 ; gain = 3.168
