#-----------------------------------------------------------
# Vivado v2019.2 (64-bit)
# SW Build 2708876 on Wed Nov  6 21:40:23 MST 2019
# IP Build 2700528 on Thu Nov  7 00:09:20 MST 2019
# Start of session at: Mon Dec 23 00:09:01 2019
# Process ID: 5636
# Current directory: C:/Users/stefano/Desktop/prl
# Command line: vivado.exe -gui_launcher_event rodinguilauncherevent2676 C:\Users\stefano\Desktop\prl\project_reti_logiche.xpr
# Log file: C:/Users/stefano/Desktop/prl/vivado.log
# Journal file: C:/Users/stefano/Desktop/prl\vivado.jou
#-----------------------------------------------------------
start_gui
open_project C:/Users/stefano/Desktop/prl/project_reti_logiche.xpr
INFO: [Project 1-313] Project file moved from 'C:/Users/stefano/project_reti_logiche' since last save.
CRITICAL WARNING: [Project 1-311] Could not find the file 'C:/Users/stefano/Desktop/Desktop/specifica/esercitazione progetto reti logiche/square_progetto_vivado/square/square.srcs/constrs_1/new/clock.xdc', nor could it be found using path 'C:/Users/stefano/Desktop/specifica/esercitazione progetto reti logiche/square_progetto_vivado/square/square.srcs/constrs_1/new/clock.xdc'.
Scanning sources...
Finished scanning sources
INFO: [IP_Flow 19-234] Refreshing IP repositories
INFO: [IP_Flow 19-1704] No user IP repositories specified
INFO: [IP_Flow 19-2313] Loaded Vivado IP repository 'C:/Xilinx/Vivado/2019.2/data/ip'.
open_project: Time (s): cpu = 00:00:25 ; elapsed = 00:00:11 . Memory (MB): peak = 765.941 ; gain = 151.063
update_compile_order -fileset sources_1
export_ip_user_files -of_objects  [get_files {{C:/Users/stefano/Desktop/Desktop/specifica/esercitazione progetto reti logiche/square_progetto_vivado/square/square.srcs/constrs_1/new/clock.xdc}}] -no_script -reset -force -quiet
remove_files  -fileset constrs_1 {{C:/Users/stefano/Desktop/Desktop/specifica/esercitazione progetto reti logiche/square_progetto_vivado/square/square.srcs/constrs_1/new/clock.xdc}}
exit
INFO: [Common 17-206] Exiting Vivado at Mon Dec 23 00:10:10 2019...
