#-----------------------------------------------------------
# Vivado v2019.2 (64-bit)
# SW Build 2708876 on Wed Nov  6 21:40:23 MST 2019
# IP Build 2700528 on Thu Nov  7 00:09:20 MST 2019
# Start of session at: Mon Dec 23 09:47:29 2019
# Process ID: 8056
# Current directory: C:/Users/stefano/Desktop/prl
# Command line: vivado.exe -gui_launcher_event rodinguilauncherevent6744 C:\Users\stefano\Desktop\prl\project_reti_logiche.xpr
# Log file: C:/Users/stefano/Desktop/prl/vivado.log
# Journal file: C:/Users/stefano/Desktop/prl\vivado.jou
#-----------------------------------------------------------
start_gui
open_project C:/Users/stefano/Desktop/prl/project_reti_logiche.xpr
Scanning sources...
Finished scanning sources
INFO: [IP_Flow 19-234] Refreshing IP repositories
INFO: [IP_Flow 19-1704] No user IP repositories specified
INFO: [IP_Flow 19-2313] Loaded Vivado IP repository 'C:/Xilinx/Vivado/2019.2/data/ip'.
open_project: Time (s): cpu = 00:00:24 ; elapsed = 00:00:12 . Memory (MB): peak = 739.027 ; gain = 126.539
update_compile_order -fileset sources_1
update_files -from_files C:/Users/stefano/Desktop/project_reti_logiche.vhd -to_files C:/Users/stefano/Desktop/prl/project_reti_logiche.srcs/sources_1/imports/Desktop/square.vhd -filesets [get_filesets *]
INFO: [filemgmt 20-762] Replacing file 'C:/Users/stefano/Desktop/prl/project_reti_logiche.srcs/sources_1/imports/Desktop/square.vhd' with file 'C:/Users/stefano/Desktop/project_reti_logiche.vhd'.
INFO: [filemgmt 20-1080] Importing file from 'C:/Users/stefano/Desktop/project_reti_logiche.vhd' to 'C:/Users/stefano/Desktop/prl/project_reti_logiche.srcs/sources_1/imports/Desktop/project_reti_logiche.vhd'.
exit
INFO: [Common 17-206] Exiting Vivado at Mon Dec 23 09:49:00 2019...
